<?xml version="1.0" encoding="UTF-8"?>
<!-- Generated by org.testng.reporters.JUnitReportReporter -->
<testsuite hostname="NOI-PG037B2M" failures="0" tests="1" name="PrintBrokenLinkPackage.PrintBLP.VisitHomepage" time="16.571" errors="0" timestamp="2025-02-26T13:55:36 IST" skipped="0">
  <testcase classname="PrintBrokenLinkPackage.PrintBLP.VisitHomepage" name="visitHomepage" time="16.571"/>
  <system-out>
    <![CDATA[Test Case is Passed]]>
  </system-out>
</testsuite> <!-- PrintBrokenLinkPackage.PrintBLP.VisitHomepage -->
